bICSI/build/outputs/logs/manifest-merger-debug-report.txt
-- Merging decision tree log ---
manifest
ADDED from src/main/AndroidManifest.xml:2:1-198:12
	xmlns:android
		ADDED from src/main/AndroidManifest.xml:2:11-69
	package
		ADDED from src/main/AndroidManifest.xml:3:5-35
		INJECTED from src/main/AndroidManifest.xml
		INJECTED from src/main/AndroidManifest.xml
	android:versionName
		ADDED from src/main/AndroidManifest.xml:5:5-28
		INJECTED from src/main/AndroidManifest.xml
		INJECTED from src/main/AndroidManifest.xml
	android:versionCode
		ADDED from src/main/AndroidManifest.xml:4:5-28
		INJECTED from src/main/AndroidManifest.xml
		INJECTED from src/main/AndroidManifest.xml
uses-sdk
ADDED from src/main/AndroidManifest.xml:7:5-10:41
MERGED from [BICSI:facebookSDK:unspecified] AndroidManifest.xml:20:5-22:40
	android:hardwareAccelerated
		ADDED from src/main/AndroidManifest.xml:8:9-43
	android:targetSdkVersion
		ADDED from src/main/AndroidManifest.xml:10:9-38
		INJECTED from src/main/AndroidManifest.xml
		INJECTED from src/main/AndroidManifest.xml
	android:minSdkVersion
		ADDED from src/main/AndroidManifest.xml:9:9-35
		INJECTED from src/main/AndroidManifest.xml
		INJECTED from src/main/AndroidManifest.xml
uses-permission#android.permission.CAMERA
ADDED from src/main/AndroidManifest.xml:12:5-65
	android:name
		ADDED from src/main/AndroidManifest.xml:12:22-62
uses-feature#android.hardware.camera
ADDED from src/main/AndroidManifest.xml:14:5-60
	android:name
		ADDED from src/main/AndroidManifest.xml:14:19-57
uses-permission#android.permission.RECEIVE_BOOT_COMPLETED
ADDED from src/main/AndroidManifest.xml:17:5-81
	android:name
		ADDED from src/main/AndroidManifest.xml:17:22-78
uses-permission#android.permission.VIBRATE
ADDED from src/main/AndroidManifest.xml:18:6-67
	android:name
		ADDED from src/main/AndroidManifest.xml:18:23-64
uses-permission#android.permission.WAKE_LOCK
ADDED from src/main/AndroidManifest.xml:19:7-70
	android:name
		ADDED from src/main/AndroidManifest.xml:19:24-67
uses-permission#android.permission.GET_ACCOUNTS
ADDED from src/main/AndroidManifest.xml:20:7-73
	android:name
		ADDED from src/main/AndroidManifest.xml:20:24-70
uses-permission#com.google.android.c2dm.permission.RECEIVE
ADDED from src/main/AndroidManifest.xml:21:5-82
	android:name
		ADDED from src/main/AndroidManifest.xml:21:22-79
uses-permission#android.permission.INTERNET
ADDED from src/main/AndroidManifest.xml:22:5-67
	android:name
		ADDED from src/main/AndroidManifest.xml:22:22-64
uses-permission#android.permission.GET_TASKS
ADDED from src/main/AndroidManifest.xml:23:5-68
	android:name
		ADDED from src/main/AndroidManifest.xml:23:22-65
uses-permission#android.permission.ACCESS_NETWORK_STATE
ADDED from src/main/AndroidManifest.xml:24:5-79
	android:name
		ADDED from src/main/AndroidManifest.xml:24:22-76
uses-permission#android.permission.READ_PHONE_STATE
ADDED from src/main/AndroidManifest.xml:25:5-75
	android:name
		ADDED from src/main/AndroidManifest.xml:25:22-72
uses-permission#android.permission.WRITE_EXTERNAL_STORAGE
ADDED from src/main/AndroidManifest.xml:26:5-81
	android:name
		ADDED from src/main/AndroidManifest.xml:26:22-78
uses-permission#com.google.android.providers.gsf.permission.READ_GSERVICES
ADDED from src/main/AndroidManifest.xml:27:5-98
	android:name
		ADDED from src/main/AndroidManifest.xml:27:22-95
uses-permission#org.bisci.canada2015.permission.C2D_MESSAGE
ADDED from src/main/AndroidManifest.xml:28:6-84
	android:name
		ADDED from src/main/AndroidManifest.xml:28:23-81
permission#org.bicsi.winter2017.permission.C2D_MESSAGE
ADDED from src/main/AndroidManifest.xml:29:5-31:47
	android:protectionLevel
		ADDED from src/main/AndroidManifest.xml:31:9-44
	android:name
		ADDED from src/main/AndroidManifest.xml:30:9-67
application
ADDED from src/main/AndroidManifest.xml:33:5-196:19
MERGED from [BICSI:facebookSDK:unspecified] AndroidManifest.xml:24:5-20
	android:label
		ADDED from src/main/AndroidManifest.xml:37:9-41
	android:allowBackup
		ADDED from src/main/AndroidManifest.xml:35:9-35
	android:icon
		ADDED from src/main/AndroidManifest.xml:36:9-49
	android:theme
		ADDED from src/main/AndroidManifest.xml:38:9-40
	android:name
		ADDED from src/main/AndroidManifest.xml:34:9-73
activity#org.bicsi.canada2014.activities.SplashScreen
ADDED from src/main/AndroidManifest.xml:39:9-113:20
	android:windowSoftInputMode
		ADDED from src/main/AndroidManifest.xml:48:13-64
	android:screenOrientation
		ADDED from src/main/AndroidManifest.xml:46:13-49
	android:noHistory
		ADDED from src/main/AndroidManifest.xml:45:13-37
	android:label
		ADDED from src/main/AndroidManifest.xml:43:13-45
	android:icon
		ADDED from src/main/AndroidManifest.xml:42:13-53
	android:theme
		ADDED from src/main/AndroidManifest.xml:47:13-48
	android:exported
		ADDED from src/main/AndroidManifest.xml:41:13-36
	android:name
		ADDED from src/main/AndroidManifest.xml:40:13-72
	android:launchMode
		ADDED from src/main/AndroidManifest.xml:44:13-43
intent-filter#android.intent.action.MAIN+android.intent.category.LAUNCHER
ADDED from src/main/AndroidManifest.xml:49:13-52:29
action#android.intent.action.MAIN
ADDED from src/main/AndroidManifest.xml:50:17-69
	android:name
		ADDED from src/main/AndroidManifest.xml:50:25-66
category#android.intent.category.LAUNCHER
ADDED from src/main/AndroidManifest.xml:51:17-77
	android:name
		ADDED from src/main/AndroidManifest.xml:51:27-74
intent-filter#android.intent.action.VIEW+android.intent.category.BROWSABLE+android.intent.category.DEFAULT+android.intent.category.DEFAULT+org.bicsi.canada2014.NOTIFICATIONPRESSED
ADDED from src/main/AndroidManifest.xml:53:13-69:29
action#org.bicsi.canada2014.NOTIFICATIONPRESSED
ADDED from src/main/AndroidManifest.xml:54:17-83
	android:name
		ADDED from src/main/AndroidManifest.xml:54:25-80
category#android.intent.category.DEFAULT
ADDED from src/main/AndroidManifest.xml:55:17-76
	android:name
		ADDED from src/main/AndroidManifest.xml:55:27-73
action#android.intent.action.VIEW
ADDED from src/main/AndroidManifest.xml:56:17-57:26
	android:name
		ADDED from src/main/AndroidManifest.xml:56:25-66
category#android.intent.category.BROWSABLE
ADDED from src/main/AndroidManifest.xml:60:17-61:28
	android:name
		ADDED from src/main/AndroidManifest.xml:60:27-75
data
ADDED from src/main/AndroidManifest.xml:62:17-65:24
	android:host
		ADDED from src/main/AndroidManifest.xml:63:21-49
	android:scheme
		ADDED from src/main/AndroidManifest.xml:64:21-43
intent-filter#android.intent.action.VIEW+android.intent.category.BROWSABLE+android.intent.category.DEFAULT
ADDED from src/main/AndroidManifest.xml:70:13-83:29
activity#org.bicsi.canada2014.activities.MainActivity
ADDED from src/main/AndroidManifest.xml:114:9-120:20
	android:windowSoftInputMode
		ADDED from src/main/AndroidManifest.xml:119:13-55
	android:screenOrientation
		ADDED from src/main/AndroidManifest.xml:118:13-49
	android:label
		ADDED from src/main/AndroidManifest.xml:117:13-46
	android:icon
		ADDED from src/main/AndroidManifest.xml:116:13-53
	android:name
		ADDED from src/main/AndroidManifest.xml:115:13-72
activity#com.facebook.LoginActivity
ADDED from src/main/AndroidManifest.xml:121:9-126:75
	android:screenOrientation
		ADDED from src/main/AndroidManifest.xml:125:13-49
	android:label
		ADDED from src/main/AndroidManifest.xml:124:13-46
	android:icon
		ADDED from src/main/AndroidManifest.xml:123:13-53
	android:theme
		ADDED from src/main/AndroidManifest.xml:126:13-72
	android:name
		ADDED from src/main/AndroidManifest.xml:122:13-54
meta-data#com.facebook.sdk.ApplicationId
ADDED from src/main/AndroidManifest.xml:128:9-130:46
	android:name
		ADDED from src/main/AndroidManifest.xml:129:13-58
	android:value
		ADDED from src/main/AndroidManifest.xml:130:13-43
activity#org.bicsi.canada2014.AndroidTwitterSample
ADDED from src/main/AndroidManifest.xml:132:9-136:20
	android:screenOrientation
		ADDED from src/main/AndroidManifest.xml:135:13-49
	android:label
		ADDED from src/main/AndroidManifest.xml:134:13-46
	android:name
		ADDED from src/main/AndroidManifest.xml:133:13-69
activity#org.bicsi.canada2014.activities.PrepareRequestTokenActivity
ADDED from src/main/AndroidManifest.xml:137:9-150:20
	android:screenOrientation
		ADDED from src/main/AndroidManifest.xml:140:13-49
	android:name
		ADDED from src/main/AndroidManifest.xml:138:13-87
	android:launchMode
		ADDED from src/main/AndroidManifest.xml:139:13-44
activity#org.bicsi.canada2014.fragment.EhallSchedFragment
ADDED from src/main/AndroidManifest.xml:153:9-157:20
	android:screenOrientation
		ADDED from src/main/AndroidManifest.xml:156:13-49
	android:label
		ADDED from src/main/AndroidManifest.xml:155:13-46
	android:name
		ADDED from src/main/AndroidManifest.xml:154:13-76
activity#org.bicsi.canada2014.fragment.EhallSchedDetailFragment2
ADDED from src/main/AndroidManifest.xml:159:9-163:20
	android:screenOrientation
		ADDED from src/main/AndroidManifest.xml:162:13-49
	android:label
		ADDED from src/main/AndroidManifest.xml:161:13-46
	android:name
		ADDED from src/main/AndroidManifest.xml:160:13-83
activity#org.bicsi.canada2014.activities.NewMealActivity
ADDED from src/main/AndroidManifest.xml:165:9-170:16
	android:screenOrientation
		ADDED from src/main/AndroidManifest.xml:167:9-45
	android:configChanges
		ADDED from src/main/AndroidManifest.xml:168:9-59
	android:name
		ADDED from src/main/AndroidManifest.xml:166:9-71
activity#org.bicsi.canada2014.activities.NotesActivity
ADDED from src/main/AndroidManifest.xml:172:9-176:20
	android:screenOrientation
		ADDED from src/main/AndroidManifest.xml:174:13-49
	android:label
		ADDED from src/main/AndroidManifest.xml:175:13-60
	android:name
		ADDED from src/main/AndroidManifest.xml:173:13-73
service#com.parse.PushService
ADDED from src/main/AndroidManifest.xml:178:9-57
	android:name
		ADDED from src/main/AndroidManifest.xml:178:18-54
receiver#com.parse.ParseBroadcastReceiver
ADDED from src/main/AndroidManifest.xml:179:9-184:20
	android:name
		ADDED from src/main/AndroidManifest.xml:179:19-66
intent-filter#android.intent.action.BOOT_COMPLETED+android.intent.action.USER_PRESENT
ADDED from src/main/AndroidManifest.xml:180:13-183:29
action#android.intent.action.BOOT_COMPLETED
ADDED from src/main/AndroidManifest.xml:181:17-79
	android:name
		ADDED from src/main/AndroidManifest.xml:181:25-76
action#android.intent.action.USER_PRESENT
ADDED from src/main/AndroidManifest.xml:182:17-77
	android:name
		ADDED from src/main/AndroidManifest.xml:182:25-74
receiver#com.parse.GcmBroadcastReceiver
ADDED from src/main/AndroidManifest.xml:185:9-195:20
	android:permission
		ADDED from src/main/AndroidManifest.xml:187:13-73
	android:name
		ADDED from src/main/AndroidManifest.xml:186:13-58
intent-filter#com.google.android.c2dm.intent.RECEIVE+com.google.android.c2dm.intent.REGISTRATION+org.bicsi.winter2017
ADDED from src/main/AndroidManifest.xml:188:13-194:29
action#com.google.android.c2dm.intent.RECEIVE
ADDED from src/main/AndroidManifest.xml:189:17-81
	android:name
		ADDED from src/main/AndroidManifest.xml:189:25-78
action#com.google.android.c2dm.intent.REGISTRATION
ADDED from src/main/AndroidManifest.xml:190:17-86
	android:name
		ADDED from src/main/AndroidManifest.xml:190:25-83
category#org.bicsi.winter2017
ADDED from src/main/AndroidManifest.xml:193:17-65
	android:name
		ADDED from src/main/AndroidManifest.xml:193:27-62